빌드 시작: 2014-06-27 오후 2:37:44
     1>2 노드의 "C:\Users\Park Se-Hun\Desktop\HCI 프로그램\openframeworks_v0.8.0_vs_release\apps\myApps\emptyExample(OPENNI)_RELEASE\emptyExample.vcxproj" 프로젝트(Build 대상)입니다.
     1>ClCompile:
         C:\Program Files (x86)\Microsoft Visual Studio 11.0\VC\bin\CL.exe /c /I..\..\..\addons\ofxOpenNI\include\openni /I..\..\..\libs\openFrameworks /I..\..\..\libs\openFrameworks\graphics /I..\..\..\libs\openFrameworks\app /I..\..\..\libs\openFrameworks\sound /I..\..\..\libs\openFrameworks\utils /I..\..\..\libs\openFrameworks\communication /I..\..\..\libs\openFrameworks\video /I..\..\..\libs\openFrameworks\types /I..\..\..\libs\openFrameworks\math /I..\..\..\libs\openFrameworks\3d /I..\..\..\libs\openFrameworks\gl /I..\..\..\libs\openFrameworks\events /I..\..\..\libs\glut\include /I..\..\..\libs\rtAudio\include /I..\..\..\libs\quicktime\include /I..\..\..\libs\freetype\include /I..\..\..\libs\freetype\include\freetype2 /I..\..\..\libs\freeImage\include /I..\..\..\libs\fmodex\include /I..\..\..\libs\videoInput\include /I..\..\..\libs\glew\include\ /I..\..\..\libs\glu\include /I..\..\..\libs\tess2\include /I..\..\..\libs\cairo\include\cairo /I..\..\..\libs\poco\include /I..\..\..\libs\glfw\include /I..\..\..\..\libs\openssl\include /I..\..\..\addons /Isrc /I..\..\..\addons\ofxOpenNI\src /I..\..\..\addons\ofxOpenNI\include\nite /I..\..\..\addons\ofxOpenNI\include\openni /I..\..\..\addons\ofxOpenNI\include\openni\Win32 /Zi /nologo /W3 /WX- /O2 /Oy- /D WIN32 /D NDEBUG /D _CONSOLE /D POCO_STATIC /D CAIRO_WIN32_STATIC_BUILD /D DISABLE_SOME_FLOATING_POINT /D _UNICODE /D UNICODE /Gm- /EHsc /MD /GS /fp:precise /Zc:wchar_t /Zc:forScope /Fo"obj\Release\\" /Fd"obj\Release\vc110.pdb" /Gd /TP /analyze- /errorReport:prompt src\Ball.cpp src\main.cpp src\testApp.cpp
         Ball.cpp
     1>C:\Users\Park Se-Hun\Desktop\HCI 프로그램\openframeworks_v0.8.0_vs_release\libs\openFrameworks\graphics\ofPixels.h(155): warning C4003: 'max' 매크로의 실제 매개 변수가 부족합니다.
     1>C:\Users\Park Se-Hun\Desktop\HCI 프로그램\openframeworks_v0.8.0_vs_release\libs\openFrameworks\graphics\ofPixels.h(156): warning C4003: 'max' 매크로의 실제 매개 변수가 부족합니다.
     1>C:\Users\Park Se-Hun\Desktop\HCI 프로그램\openframeworks_v0.8.0_vs_release\libs\poco\include\Poco/StreamConverter.h(126): warning C4250: 'Poco::InputStreamConverter' : 우위에 따라 'std::basic_istream<_Elem,_Traits>::std::basic_istream<_Elem,_Traits>::_Add_vtordisp1'을(를) 상속합니다.
                 with
                 [
                     _Elem=char,
                     _Traits=std::char_traits<char>
                 ]
                 C:\Program Files (x86)\Microsoft Visual Studio 11.0\VC\include\istream(74) : 'std::basic_istream<_Elem,_Traits>::_Add_vtordisp1' 선언을 참조하십시오.
                 with
                 [
                     _Elem=char,
                     _Traits=std::char_traits<char>
                 ]
     1>C:\Users\Park Se-Hun\Desktop\HCI 프로그램\openframeworks_v0.8.0_vs_release\libs\poco\include\Poco/StreamConverter.h(144): warning C4250: 'Poco::OutputStreamConverter' : 우위에 따라 'std::basic_ostream<_Elem,_Traits>::std::basic_ostream<_Elem,_Traits>::_Add_vtordisp2'을(를) 상속합니다.
                 with
                 [
                     _Elem=char,
                     _Traits=std::char_traits<char>
                 ]
                 C:\Program Files (x86)\Microsoft Visual Studio 11.0\VC\include\ostream(90) : 'std::basic_ostream<_Elem,_Traits>::_Add_vtordisp2' 선언을 참조하십시오.
                 with
                 [
                     _Elem=char,
                     _Traits=std::char_traits<char>
                 ]
     1>C:\Users\Park Se-Hun\Desktop\HCI 프로그램\openframeworks_v0.8.0_vs_release\libs\openFrameworks\types\ofParameter.h(155): warning C4003: 'min' 매크로의 실제 매개 변수가 부족합니다.
     1>C:\Users\Park Se-Hun\Desktop\HCI 프로그램\openframeworks_v0.8.0_vs_release\libs\openFrameworks\types\ofParameter.h(156): warning C4003: 'max' 매크로의 실제 매개 변수가 부족합니다.
         main.cpp
     1>C:\Users\Park Se-Hun\Desktop\HCI 프로그램\openframeworks_v0.8.0_vs_release\libs\openFrameworks\graphics\ofPixels.h(155): warning C4003: 'max' 매크로의 실제 매개 변수가 부족합니다.
     1>C:\Users\Park Se-Hun\Desktop\HCI 프로그램\openframeworks_v0.8.0_vs_release\libs\openFrameworks\graphics\ofPixels.h(156): warning C4003: 'max' 매크로의 실제 매개 변수가 부족합니다.
     1>C:\Users\Park Se-Hun\Desktop\HCI 프로그램\openframeworks_v0.8.0_vs_release\libs\poco\include\Poco/StreamConverter.h(126): warning C4250: 'Poco::InputStreamConverter' : 우위에 따라 'std::basic_istream<_Elem,_Traits>::std::basic_istream<_Elem,_Traits>::_Add_vtordisp1'을(를) 상속합니다.
                 with
                 [
                     _Elem=char,
                     _Traits=std::char_traits<char>
                 ]
                 C:\Program Files (x86)\Microsoft Visual Studio 11.0\VC\include\istream(74) : 'std::basic_istream<_Elem,_Traits>::_Add_vtordisp1' 선언을 참조하십시오.
                 with
                 [
                     _Elem=char,
                     _Traits=std::char_traits<char>
                 ]
     1>C:\Users\Park Se-Hun\Desktop\HCI 프로그램\openframeworks_v0.8.0_vs_release\libs\poco\include\Poco/StreamConverter.h(144): warning C4250: 'Poco::OutputStreamConverter' : 우위에 따라 'std::basic_ostream<_Elem,_Traits>::std::basic_ostream<_Elem,_Traits>::_Add_vtordisp2'을(를) 상속합니다.
                 with
                 [
                     _Elem=char,
                     _Traits=std::char_traits<char>
                 ]
                 C:\Program Files (x86)\Microsoft Visual Studio 11.0\VC\include\ostream(90) : 'std::basic_ostream<_Elem,_Traits>::_Add_vtordisp2' 선언을 참조하십시오.
                 with
                 [
                     _Elem=char,
                     _Traits=std::char_traits<char>
                 ]
     1>C:\Users\Park Se-Hun\Desktop\HCI 프로그램\openframeworks_v0.8.0_vs_release\libs\openFrameworks\types\ofParameter.h(155): warning C4003: 'min' 매크로의 실제 매개 변수가 부족합니다.
     1>C:\Users\Park Se-Hun\Desktop\HCI 프로그램\openframeworks_v0.8.0_vs_release\libs\openFrameworks\types\ofParameter.h(156): warning C4003: 'max' 매크로의 실제 매개 변수가 부족합니다.
         testApp.cpp
     1>C:\Users\Park Se-Hun\Desktop\HCI 프로그램\openframeworks_v0.8.0_vs_release\libs\openFrameworks\graphics\ofPixels.h(155): warning C4003: 'max' 매크로의 실제 매개 변수가 부족합니다.
     1>C:\Users\Park Se-Hun\Desktop\HCI 프로그램\openframeworks_v0.8.0_vs_release\libs\openFrameworks\graphics\ofPixels.h(156): warning C4003: 'max' 매크로의 실제 매개 변수가 부족합니다.
     1>C:\Users\Park Se-Hun\Desktop\HCI 프로그램\openframeworks_v0.8.0_vs_release\libs\poco\include\Poco/StreamConverter.h(126): warning C4250: 'Poco::InputStreamConverter' : 우위에 따라 'std::basic_istream<_Elem,_Traits>::std::basic_istream<_Elem,_Traits>::_Add_vtordisp1'을(를) 상속합니다.
                 with
                 [
                     _Elem=char,
                     _Traits=std::char_traits<char>
                 ]
                 C:\Program Files (x86)\Microsoft Visual Studio 11.0\VC\include\istream(74) : 'std::basic_istream<_Elem,_Traits>::_Add_vtordisp1' 선언을 참조하십시오.
                 with
                 [
                     _Elem=char,
                     _Traits=std::char_traits<char>
                 ]
     1>C:\Users\Park Se-Hun\Desktop\HCI 프로그램\openframeworks_v0.8.0_vs_release\libs\poco\include\Poco/StreamConverter.h(144): warning C4250: 'Poco::OutputStreamConverter' : 우위에 따라 'std::basic_ostream<_Elem,_Traits>::std::basic_ostream<_Elem,_Traits>::_Add_vtordisp2'을(를) 상속합니다.
                 with
                 [
                     _Elem=char,
                     _Traits=std::char_traits<char>
                 ]
                 C:\Program Files (x86)\Microsoft Visual Studio 11.0\VC\include\ostream(90) : 'std::basic_ostream<_Elem,_Traits>::_Add_vtordisp2' 선언을 참조하십시오.
                 with
                 [
                     _Elem=char,
                     _Traits=std::char_traits<char>
                 ]
     1>C:\Users\Park Se-Hun\Desktop\HCI 프로그램\openframeworks_v0.8.0_vs_release\libs\openFrameworks\types\ofParameter.h(155): warning C4003: 'min' 매크로의 실제 매개 변수가 부족합니다.
     1>C:\Users\Park Se-Hun\Desktop\HCI 프로그램\openframeworks_v0.8.0_vs_release\libs\openFrameworks\types\ofParameter.h(156): warning C4003: 'max' 매크로의 실제 매개 변수가 부족합니다.
         코드를 생성하고 있습니다...
       Link:
         C:\Program Files (x86)\Microsoft Visual Studio 11.0\VC\bin\link.exe /ERRORREPORT:PROMPT /OUT:"bin\emptyExample.exe" /INCREMENTAL:NO /NOLOGO /LIBPATH:lib /LIBPATH:..\..\..\addons\ofxOpenNI\win\copy_to_data_openni_path\lib /LIBPATH:..\..\..\libs\glut\lib\vs /LIBPATH:..\..\..\libs\glfw\lib\vs /LIBPATH:..\..\..\libs\rtAudio\lib\vs /LIBPATH:..\..\..\libs\FreeImage\lib\vs /LIBPATH:..\..\..\libs\freetype\lib\vs /LIBPATH:..\..\..\libs\quicktime\lib\vs /LIBPATH:..\..\..\libs\fmodex\lib\vs /LIBPATH:..\..\..\libs\videoInput\lib\vs /LIBPATH:..\..\..\libs\cairo\lib\vs /LIBPATH:..\..\..\libs\glew\lib\vs /LIBPATH:..\..\..\libs\glu\lib\vs /LIBPATH:..\..\..\libs\openssl\lib\vs /LIBPATH:..\..\..\libs\Poco\lib\vs /LIBPATH:..\..\..\libs\tess2\lib\vs OpenNi.lib openNI.lib XnVCNITE_1_5_2.lib XnVFeatures_1_5_2.lib XnVHandGenerator_1_5_2.lib XnVNITE_1_5_2.lib "cairo-static.lib" "pixman-1.lib" msimg32.lib OpenGL32.lib GLu32.lib kernel32.lib setupapi.lib Vfw32.lib comctl32.lib glut32.lib rtAudio.lib videoInput.lib libfreetype.lib FreeImage.lib qtmlClient.lib dsound.lib user32.lib gdi32.lib winspool.lib comdlg32.lib advapi32.lib shell32.lib ole32.lib oleaut32.lib uuid.lib glew32s.lib fmodex_vc.lib glu32.lib crypt32.lib libeay32MD.lib ssleay32MD.lib PocoFoundationmd.lib PocoNetmd.lib PocoUtilmd.lib PocoXMLmd.lib Ws2_32.lib tess2.lib glfw3.lib kernel32.lib user32.lib gdi32.lib winspool.lib comdlg32.lib advapi32.lib shell32.lib ole32.lib oleaut32.lib uuid.lib odbc32.lib odbccp32.lib /NODEFAULTLIB:PocoFoundationd.lib /NODEFAULTLIB:atlthunk.lib /NODEFAULTLIB:LIBC.lib /NODEFAULTLIB:LIBCMT /MANIFEST /MANIFESTUAC:"level='asInvoker' uiAccess='false'" /manifest:embed /PDB:"bin\emptyExample.pdb" /SUBSYSTEM:CONSOLE /OPT:REF /OPT:ICF /LTCG /TLBID:1 /DYNAMICBASE:NO /NXCOMPAT /IMPLIB:"bin\emptyExample.lib" /MACHINE:X86 /SAFESEH obj\Release\icon.res
         obj\Release\ofxOpenNI.obj
         obj\Release\ofxOpenNITypes.obj
         obj\Release\Ball.obj
         obj\Release\DetectingEffect.obj
         obj\Release\main.obj
         obj\Release\testApp.obj
         "C:\Users\Park Se-Hun\Desktop\HCI 프로그램\openframeworks_v0.8.0_vs_release\libs\openFrameworksCompiled\lib\vs\openframeworksLib.lib"
            bin\emptyExample.lib 라이브러리 및 bin\emptyExample.exp 개체를 생성하고 있습니다.
         LINK : /LTCG를 지정했지만 코드를 생성할 필요가 없습니다. 명령줄에서 /LTCG를 제거하면 링커 성능이 향상됩니다.
         emptyExample.vcxproj -> C:\Users\Park Se-Hun\Desktop\HCI 프로그램\openframeworks_v0.8.0_vs_release\apps\myApps\emptyExample(OPENNI)_RELEASE\bin\emptyExample.exe
       PostBuildEvent:
         xcopy /e /i /y "C:\Users\Park Se-Hun\Desktop\HCI 프로그램\openframeworks_v0.8.0_vs_release\apps\myApps\emptyExample(OPENNI)_RELEASE\..\..\..\export\vs\*.dll" "C:\Users\Park Se-Hun\Desktop\HCI 프로그램\openframeworks_v0.8.0_vs_release\apps\myApps\emptyExample(OPENNI)_RELEASE\bin"
         :VCEnd
         C:\Users\Park Se-Hun\Desktop\HCI 프로그램\openframeworks_v0.8.0_vs_release\apps\myApps\emptyExample(OPENNI)_RELEASE\..\..\..\export\vs\Assimp32.dll
         C:\Users\Park Se-Hun\Desktop\HCI 프로그램\openframeworks_v0.8.0_vs_release\apps\myApps\emptyExample(OPENNI)_RELEASE\..\..\..\export\vs\fmodex.dll
         C:\Users\Park Se-Hun\Desktop\HCI 프로그램\openframeworks_v0.8.0_vs_release\apps\myApps\emptyExample(OPENNI)_RELEASE\..\..\..\export\vs\fmodexL.dll
         C:\Users\Park Se-Hun\Desktop\HCI 프로그램\openframeworks_v0.8.0_vs_release\apps\myApps\emptyExample(OPENNI)_RELEASE\..\..\..\export\vs\FreeImage.dll
         C:\Users\Park Se-Hun\Desktop\HCI 프로그램\openframeworks_v0.8.0_vs_release\apps\myApps\emptyExample(OPENNI)_RELEASE\..\..\..\export\vs\FreeType-6.dll
         C:\Users\Park Se-Hun\Desktop\HCI 프로그램\openframeworks_v0.8.0_vs_release\apps\myApps\emptyExample(OPENNI)_RELEASE\..\..\..\export\vs\glut32.dll
         C:\Users\Park Se-Hun\Desktop\HCI 프로그램\openframeworks_v0.8.0_vs_release\apps\myApps\emptyExample(OPENNI)_RELEASE\..\..\..\export\vs\libeay32.dll
         C:\Users\Park Se-Hun\Desktop\HCI 프로그램\openframeworks_v0.8.0_vs_release\apps\myApps\emptyExample(OPENNI)_RELEASE\..\..\..\export\vs\ssleay32.dll
         C:\Users\Park Se-Hun\Desktop\HCI 프로그램\openframeworks_v0.8.0_vs_release\apps\myApps\emptyExample(OPENNI)_RELEASE\..\..\..\export\vs\Zlib.dll
         9개 파일이 복사되었습니다.
     1>"C:\Users\Park Se-Hun\Desktop\HCI 프로그램\openframeworks_v0.8.0_vs_release\apps\myApps\emptyExample(OPENNI)_RELEASE\emptyExample.vcxproj" 프로젝트를 빌드했습니다(Build 대상).

빌드했습니다.

경과 시간: 00:00:13.61
