C:\USERS\PARK SE-HUN\DESKTOP\HCI 프로그램\OPENFRAMEWORKS_V0.8.0_VS_RELEASE\APPS\MYAPPS\EMPTYEXAMPLE(OPENNI)_RELEASE\OBJ\DEBUG\OFXOPENNI.OBJ
C:\USERS\PARK SE-HUN\DESKTOP\HCI 프로그램\OPENFRAMEWORKS_V0.8.0_VS_RELEASE\APPS\MYAPPS\EMPTYEXAMPLE(OPENNI)_RELEASE\OBJ\DEBUG\OFXOPENNITYPES.OBJ
C:\USERS\PARK SE-HUN\DESKTOP\HCI 프로그램\OPENFRAMEWORKS_V0.8.0_VS_RELEASE\APPS\MYAPPS\EMPTYEXAMPLE(OPENNI)_RELEASE\OBJ\DEBUG\BALL.OBJ
C:\USERS\PARK SE-HUN\DESKTOP\HCI 프로그램\OPENFRAMEWORKS_V0.8.0_VS_RELEASE\APPS\MYAPPS\EMPTYEXAMPLE(OPENNI)_RELEASE\OBJ\DEBUG\DETECTINGEFFECT.OBJ
C:\USERS\PARK SE-HUN\DESKTOP\HCI 프로그램\OPENFRAMEWORKS_V0.8.0_VS_RELEASE\APPS\MYAPPS\EMPTYEXAMPLE(OPENNI)_RELEASE\OBJ\DEBUG\MAIN.OBJ
C:\USERS\PARK SE-HUN\DESKTOP\HCI 프로그램\OPENFRAMEWORKS_V0.8.0_VS_RELEASE\APPS\MYAPPS\EMPTYEXAMPLE(OPENNI)_RELEASE\OBJ\DEBUG\TESTAPP.OBJ
C:\USERS\PARK SE-HUN\DESKTOP\HCI 프로그램\OPENFRAMEWORKS_V0.8.0_VS_RELEASE\APPS\MYAPPS\EMPTYEXAMPLE(OPENNI)_RELEASE\OBJ\DEBUG\VC110.PDB
C:\Users\Park Se-Hun\Desktop\HCI 프로그램\openframeworks_v0.8.0_vs_release\apps\myApps\emptyExample(OPENNI)_RELEASE\bin\emptyExample_debug.lib
C:\Users\Park Se-Hun\Desktop\HCI 프로그램\openframeworks_v0.8.0_vs_release\apps\myApps\emptyExample(OPENNI)_RELEASE\bin\emptyExample_debug.exp
C:\USERS\PARK SE-HUN\DESKTOP\HCI 프로그램\OPENFRAMEWORKS_V0.8.0_VS_RELEASE\APPS\MYAPPS\EMPTYEXAMPLE(OPENNI)_RELEASE\BIN\EMPTYEXAMPLE_DEBUG.ILK
C:\USERS\PARK SE-HUN\DESKTOP\HCI 프로그램\OPENFRAMEWORKS_V0.8.0_VS_RELEASE\APPS\MYAPPS\EMPTYEXAMPLE(OPENNI)_RELEASE\BIN\EMPTYEXAMPLE_DEBUG.EXE
C:\USERS\PARK SE-HUN\DESKTOP\HCI 프로그램\OPENFRAMEWORKS_V0.8.0_VS_RELEASE\APPS\MYAPPS\EMPTYEXAMPLE(OPENNI)_RELEASE\BIN\EMPTYEXAMPLE_DEBUG.PDB
C:\USERS\PARK SE-HUN\DESKTOP\HCI 프로그램\OPENFRAMEWORKS_V0.8.0_VS_RELEASE\APPS\MYAPPS\EMPTYEXAMPLE(OPENNI)_RELEASE\OBJ\DEBUG\ICON.RES
C:\Users\Park Se-Hun\Desktop\HCI 프로그램\openframeworks_v0.8.0_vs_release\apps\myApps\emptyExample(OPENNI)_RELEASE\obj\Debug\emptyExample.vcxprojResolveAssemblyReference.cache
C:\Users\Park Se-Hun\Desktop\HCI 프로그램\openframeworks_v0.8.0_vs_release\apps\myApps\emptyExample(OPENNI)_RELEASE\obj\Debug\Ball.obj
C:\Users\Park Se-Hun\Desktop\HCI 프로그램\openframeworks_v0.8.0_vs_release\apps\myApps\emptyExample(OPENNI)_RELEASE\obj\Debug\DetectingEffect.obj
C:\Users\Park Se-Hun\Desktop\HCI 프로그램\openframeworks_v0.8.0_vs_release\apps\myApps\emptyExample(OPENNI)_RELEASE\obj\Debug\main.obj
C:\Users\Park Se-Hun\Desktop\HCI 프로그램\openframeworks_v0.8.0_vs_release\apps\myApps\emptyExample(OPENNI)_RELEASE\obj\Debug\ofxOpenNI.obj
C:\Users\Park Se-Hun\Desktop\HCI 프로그램\openframeworks_v0.8.0_vs_release\apps\myApps\emptyExample(OPENNI)_RELEASE\obj\Debug\ofxOpenNITypes.obj
C:\Users\Park Se-Hun\Desktop\HCI 프로그램\openframeworks_v0.8.0_vs_release\apps\myApps\emptyExample(OPENNI)_RELEASE\obj\Debug\testApp.obj
C:\Users\Park Se-Hun\Desktop\HCI 프로그램\openframeworks_v0.8.0_vs_release\apps\myApps\emptyExample(OPENNI)_RELEASE\obj\Debug\cl.command.1.tlog
C:\Users\Park Se-Hun\Desktop\HCI 프로그램\openframeworks_v0.8.0_vs_release\apps\myApps\emptyExample(OPENNI)_RELEASE\obj\Debug\CL.read.1.tlog
C:\Users\Park Se-Hun\Desktop\HCI 프로그램\openframeworks_v0.8.0_vs_release\apps\myApps\emptyExample(OPENNI)_RELEASE\obj\Debug\CL.write.1.tlog
C:\Users\Park Se-Hun\Desktop\HCI 프로그램\openframeworks_v0.8.0_vs_release\apps\myApps\emptyExample(OPENNI)_RELEASE\obj\Debug\emptyExample.write.1.tlog
C:\Users\Park Se-Hun\Desktop\HCI 프로그램\openframeworks_v0.8.0_vs_release\apps\myApps\emptyExample(OPENNI)_RELEASE\obj\Debug\link-cvtres.read.1.tlog
C:\Users\Park Se-Hun\Desktop\HCI 프로그램\openframeworks_v0.8.0_vs_release\apps\myApps\emptyExample(OPENNI)_RELEASE\obj\Debug\link-cvtres.write.1.tlog
C:\Users\Park Se-Hun\Desktop\HCI 프로그램\openframeworks_v0.8.0_vs_release\apps\myApps\emptyExample(OPENNI)_RELEASE\obj\Debug\link-rc.read.1.tlog
C:\Users\Park Se-Hun\Desktop\HCI 프로그램\openframeworks_v0.8.0_vs_release\apps\myApps\emptyExample(OPENNI)_RELEASE\obj\Debug\link-rc.write.1.tlog
C:\Users\Park Se-Hun\Desktop\HCI 프로그램\openframeworks_v0.8.0_vs_release\apps\myApps\emptyExample(OPENNI)_RELEASE\obj\Debug\link.command.1.tlog
C:\Users\Park Se-Hun\Desktop\HCI 프로그램\openframeworks_v0.8.0_vs_release\apps\myApps\emptyExample(OPENNI)_RELEASE\obj\Debug\link.read.1.tlog
C:\Users\Park Se-Hun\Desktop\HCI 프로그램\openframeworks_v0.8.0_vs_release\apps\myApps\emptyExample(OPENNI)_RELEASE\obj\Debug\link.write.1.tlog
C:\Users\Park Se-Hun\Desktop\HCI 프로그램\openframeworks_v0.8.0_vs_release\apps\myApps\emptyExample(OPENNI)_RELEASE\obj\Debug\rc.command.1.tlog
C:\Users\Park Se-Hun\Desktop\HCI 프로그램\openframeworks_v0.8.0_vs_release\apps\myApps\emptyExample(OPENNI)_RELEASE\obj\Debug\rc.read.1.tlog
C:\Users\Park Se-Hun\Desktop\HCI 프로그램\openframeworks_v0.8.0_vs_release\apps\myApps\emptyExample(OPENNI)_RELEASE\obj\Debug\rc.write.1.tlog
C:\Users\Park Se-Hun\Desktop\HCI 프로그램\openframeworks_v0.8.0_vs_release\apps\myApps\emptyExample(OPENNI)_RELEASE\obj\Debug\icon.res
C:\Users\Park Se-Hun\Desktop\HCI 프로그램\openframeworks_v0.8.0_vs_release\apps\myApps\emptyExample(OPENNI)_RELEASE\obj\Debug\vc110.idb
C:\Users\Park Se-Hun\Desktop\HCI 프로그램\openframeworks_v0.8.0_vs_release\apps\myApps\emptyExample(OPENNI)_RELEASE\obj\Debug\vc110.pdb
C:\Users\Park Se-Hun\Desktop\HCI 프로그램\openframeworks_v0.8.0_vs_release\apps\myApps\emptyExample(OPENNI)_RELEASE\bin\emptyExample_debug.exe
